[0.110s] DEBUG:colcon:Command line arguments: ['/usr/bin/colcon', 'build']
[0.110s] DEBUG:colcon:Parsed command line arguments: Namespace(log_base=None, log_level=None, verb_name='build', build_base='build', install_base='install', merge_install=False, symlink_install=False, test_result_base=None, continue_on_error=False, executor='parallel', parallel_workers=8, event_handlers=None, ignore_user_meta=False, metas=['./colcon.meta'], base_paths=['.'], packages_ignore=None, packages_ignore_regex=None, paths=None, packages_up_to=None, packages_up_to_regex=None, packages_above=None, packages_above_and_dependencies=None, packages_above_depth=None, packages_select_by_dep=None, packages_skip_by_dep=None, packages_skip_up_to=None, packages_select_build_failed=False, packages_skip_build_finished=False, packages_select_test_failures=False, packages_skip_test_passed=False, packages_select=None, packages_skip=None, packages_select_regex=None, packages_skip_regex=None, packages_start=None, packages_end=None, allow_overriding=[], cmake_args=None, cmake_target=None, cmake_target_skip_unavailable=False, cmake_clean_cache=False, cmake_clean_first=False, cmake_force_configure=False, ament_cmake_args=None, catkin_cmake_args=None, catkin_skip_building_tests=False, mixin_files=None, mixin=None, verb_parser=<colcon_mixin.mixin.mixin_argument.MixinArgumentDecorator object at 0x7d357689c560>, verb_extension=<colcon_core.verb.build.BuildVerb object at 0x7d357687fd40>, main=<bound method BuildVerb.main of <colcon_core.verb.build.BuildVerb object at 0x7d357687fd40>>, mixin_verb=('build',))
[0.152s] Level 1:colcon.colcon_core.package_discovery:discover_packages(colcon_meta) check parameters
[0.152s] Level 1:colcon.colcon_core.package_discovery:discover_packages(recursive) check parameters
[0.152s] Level 1:colcon.colcon_core.package_discovery:discover_packages(ignore) check parameters
[0.152s] Level 1:colcon.colcon_core.package_discovery:discover_packages(path) check parameters
[0.152s] Level 1:colcon.colcon_core.package_discovery:discover_packages(colcon_meta) discover
[0.152s] Level 1:colcon.colcon_core.package_discovery:discover_packages(recursive) discover
[0.152s] INFO:colcon.colcon_core.package_discovery:Crawling recursively for packages in '/home/santos/dev_ws/src/salvos_control'
[0.152s] Level 1:colcon.colcon_core.package_identification:_identify(.) by extensions ['ignore', 'ignore_ament_install']
[0.152s] Level 1:colcon.colcon_core.package_identification:_identify(.) by extension 'ignore'
[0.152s] Level 1:colcon.colcon_core.package_identification:_identify(.) by extension 'ignore_ament_install'
[0.152s] Level 1:colcon.colcon_core.package_identification:_identify(.) by extensions ['colcon_pkg']
[0.152s] Level 1:colcon.colcon_core.package_identification:_identify(.) by extension 'colcon_pkg'
[0.152s] Level 1:colcon.colcon_core.package_identification:_identify(.) by extensions ['colcon_meta']
[0.152s] Level 1:colcon.colcon_core.package_identification:_identify(.) by extension 'colcon_meta'
[0.152s] Level 1:colcon.colcon_core.package_identification:_identify(.) by extensions ['ros']
[0.152s] Level 1:colcon.colcon_core.package_identification:_identify(.) by extension 'ros'
[0.175s] DEBUG:colcon.colcon_core.package_identification:Package '.' with type 'ros.ament_python' and name 'salvos_control'
[0.175s] Level 1:colcon.colcon_core.package_discovery:discover_packages(recursive) using defaults
[0.175s] Level 1:colcon.colcon_core.package_discovery:discover_packages(ignore) discover
[0.175s] Level 1:colcon.colcon_core.package_discovery:discover_packages(ignore) using defaults
[0.175s] Level 1:colcon.colcon_core.package_discovery:discover_packages(path) discover
[0.175s] Level 1:colcon.colcon_core.package_discovery:discover_packages(path) using defaults
[0.193s] Level 1:colcon.colcon_core.package_discovery:discover_packages(prefix_path) check parameters
[0.193s] Level 1:colcon.colcon_core.package_discovery:discover_packages(prefix_path) discover
[0.196s] DEBUG:colcon.colcon_installed_package_information.package_discovery:Found 370 installed packages in /opt/ros/jazzy
[0.198s] Level 1:colcon.colcon_core.package_discovery:discover_packages(prefix_path) using defaults
[0.230s] Level 5:colcon.colcon_core.verb:set package 'salvos_control' build argument 'cmake_args' from command line to 'None'
[0.230s] Level 5:colcon.colcon_core.verb:set package 'salvos_control' build argument 'cmake_target' from command line to 'None'
[0.230s] Level 5:colcon.colcon_core.verb:set package 'salvos_control' build argument 'cmake_target_skip_unavailable' from command line to 'False'
[0.230s] Level 5:colcon.colcon_core.verb:set package 'salvos_control' build argument 'cmake_clean_cache' from command line to 'False'
[0.230s] Level 5:colcon.colcon_core.verb:set package 'salvos_control' build argument 'cmake_clean_first' from command line to 'False'
[0.230s] Level 5:colcon.colcon_core.verb:set package 'salvos_control' build argument 'cmake_force_configure' from command line to 'False'
[0.230s] Level 5:colcon.colcon_core.verb:set package 'salvos_control' build argument 'ament_cmake_args' from command line to 'None'
[0.230s] Level 5:colcon.colcon_core.verb:set package 'salvos_control' build argument 'catkin_cmake_args' from command line to 'None'
[0.230s] Level 5:colcon.colcon_core.verb:set package 'salvos_control' build argument 'catkin_skip_building_tests' from command line to 'False'
[0.230s] DEBUG:colcon.colcon_core.verb:Building package 'salvos_control' with the following arguments: {'ament_cmake_args': None, 'build_base': '/home/santos/dev_ws/src/salvos_control/build/salvos_control', 'catkin_cmake_args': None, 'catkin_skip_building_tests': False, 'cmake_args': None, 'cmake_clean_cache': False, 'cmake_clean_first': False, 'cmake_force_configure': False, 'cmake_target': None, 'cmake_target_skip_unavailable': False, 'install_base': '/home/santos/dev_ws/src/salvos_control/install/salvos_control', 'merge_install': False, 'path': '/home/santos/dev_ws/src/salvos_control', 'symlink_install': False, 'test_result_base': None}
[0.231s] INFO:colcon.colcon_core.executor:Executing jobs using 'parallel' executor
[0.231s] DEBUG:colcon.colcon_parallel_executor.executor.parallel:run_until_complete
[0.232s] INFO:colcon.colcon_ros.task.ament_python.build:Building ROS package in '/home/santos/dev_ws/src/salvos_control' with build type 'ament_python'
[0.232s] Level 1:colcon.colcon_core.shell:create_environment_hook('salvos_control', 'ament_prefix_path')
[0.235s] INFO:colcon.colcon_core.plugin_system:Skipping extension 'colcon_core.shell.bat': Not used on non-Windows systems
[0.236s] INFO:colcon.colcon_core.shell:Creating environment hook '/home/santos/dev_ws/src/salvos_control/install/salvos_control/share/salvos_control/hook/ament_prefix_path.ps1'
[0.237s] INFO:colcon.colcon_core.shell:Creating environment descriptor '/home/santos/dev_ws/src/salvos_control/install/salvos_control/share/salvos_control/hook/ament_prefix_path.dsv'
[0.237s] INFO:colcon.colcon_core.shell:Creating environment hook '/home/santos/dev_ws/src/salvos_control/install/salvos_control/share/salvos_control/hook/ament_prefix_path.sh'
[0.238s] INFO:colcon.colcon_core.shell:Skip shell extension 'powershell' for command environment: Not usable outside of PowerShell
[0.238s] DEBUG:colcon.colcon_core.shell:Skip shell extension 'dsv' for command environment
[0.387s] INFO:colcon.colcon_core.task.python.build:Building Python package in '/home/santos/dev_ws/src/salvos_control'
[0.387s] INFO:colcon.colcon_core.shell:Skip shell extension 'powershell' for command environment: Not usable outside of PowerShell
[0.387s] DEBUG:colcon.colcon_core.shell:Skip shell extension 'dsv' for command environment
[0.866s] DEBUG:colcon.colcon_core.event_handler.log_command:Invoking command in '/home/santos/dev_ws/src/salvos_control': CONDA_PROMPT_MODIFIER=(base) DEBUGINFOD_URLS=https://debuginfod.ubuntu.com PYTHONPATH=/home/santos/dev_ws/src/salvos_control/build/salvos_control/prefix_override:/usr/lib/python3/dist-packages/colcon_core/task/python/colcon_distutils_commands:/home/santos/dev_ws/src/salvos_control/install/salvos_control/lib/python3.12/site-packages:${PYTHONPATH} /usr/bin/python3 -W ignore:setup.py install is deprecated -W ignore:easy_install command is deprecated setup.py egg_info --egg-base build/salvos_control build --build-base /home/santos/dev_ws/src/salvos_control/build/salvos_control/build install --record /home/santos/dev_ws/src/salvos_control/build/salvos_control/install.log --single-version-externally-managed install_data
[1.248s] DEBUG:colcon.colcon_core.event_handler.log_command:Invoked command in '/home/santos/dev_ws/src/salvos_control' returned '0': CONDA_PROMPT_MODIFIER=(base) DEBUGINFOD_URLS=https://debuginfod.ubuntu.com PYTHONPATH=/home/santos/dev_ws/src/salvos_control/build/salvos_control/prefix_override:/usr/lib/python3/dist-packages/colcon_core/task/python/colcon_distutils_commands:/home/santos/dev_ws/src/salvos_control/install/salvos_control/lib/python3.12/site-packages:${PYTHONPATH} /usr/bin/python3 -W ignore:setup.py install is deprecated -W ignore:easy_install command is deprecated setup.py egg_info --egg-base build/salvos_control build --build-base /home/santos/dev_ws/src/salvos_control/build/salvos_control/build install --record /home/santos/dev_ws/src/salvos_control/build/salvos_control/install.log --single-version-externally-managed install_data
[1.259s] Level 1:colcon.colcon_core.environment:checking '/home/santos/dev_ws/src/salvos_control/install/salvos_control' for CMake module files
[1.259s] Level 1:colcon.colcon_core.environment:checking '/home/santos/dev_ws/src/salvos_control/install/salvos_control' for CMake config files
[1.260s] Level 1:colcon.colcon_core.environment:checking '/home/santos/dev_ws/src/salvos_control/install/salvos_control/lib'
[1.260s] Level 1:colcon.colcon_core.environment:checking '/home/santos/dev_ws/src/salvos_control/install/salvos_control/bin'
[1.260s] Level 1:colcon.colcon_core.environment:checking '/home/santos/dev_ws/src/salvos_control/install/salvos_control/lib/pkgconfig/salvos_control.pc'
[1.260s] Level 1:colcon.colcon_core.environment:checking '/home/santos/dev_ws/src/salvos_control/install/salvos_control/lib/python3.12/site-packages'
[1.261s] Level 1:colcon.colcon_core.shell:create_environment_hook('salvos_control', 'pythonpath')
[1.261s] INFO:colcon.colcon_core.shell:Creating environment hook '/home/santos/dev_ws/src/salvos_control/install/salvos_control/share/salvos_control/hook/pythonpath.ps1'
[1.261s] INFO:colcon.colcon_core.shell:Creating environment descriptor '/home/santos/dev_ws/src/salvos_control/install/salvos_control/share/salvos_control/hook/pythonpath.dsv'
[1.262s] INFO:colcon.colcon_core.shell:Creating environment hook '/home/santos/dev_ws/src/salvos_control/install/salvos_control/share/salvos_control/hook/pythonpath.sh'
[1.262s] Level 1:colcon.colcon_core.environment:checking '/home/santos/dev_ws/src/salvos_control/install/salvos_control/bin'
[1.262s] Level 1:colcon.colcon_core.environment:create_environment_scripts_only(salvos_control)
[1.262s] INFO:colcon.colcon_core.shell:Creating package script '/home/santos/dev_ws/src/salvos_control/install/salvos_control/share/salvos_control/package.ps1'
[1.263s] INFO:colcon.colcon_core.shell:Creating package descriptor '/home/santos/dev_ws/src/salvos_control/install/salvos_control/share/salvos_control/package.dsv'
[1.264s] INFO:colcon.colcon_core.shell:Creating package script '/home/santos/dev_ws/src/salvos_control/install/salvos_control/share/salvos_control/package.sh'
[1.265s] INFO:colcon.colcon_core.shell:Creating package script '/home/santos/dev_ws/src/salvos_control/install/salvos_control/share/salvos_control/package.bash'
[1.266s] INFO:colcon.colcon_core.shell:Creating package script '/home/santos/dev_ws/src/salvos_control/install/salvos_control/share/salvos_control/package.zsh'
[1.266s] Level 1:colcon.colcon_core.environment:create_file_with_runtime_dependencies(/home/santos/dev_ws/src/salvos_control/install/salvos_control/share/colcon-core/packages/salvos_control)
[1.267s] DEBUG:colcon.colcon_parallel_executor.executor.parallel:closing loop
[1.267s] DEBUG:colcon.colcon_parallel_executor.executor.parallel:loop closed
[1.267s] DEBUG:colcon.colcon_parallel_executor.executor.parallel:run_until_complete finished with '0'
[1.267s] DEBUG:colcon.colcon_core.event_reactor:joining thread
[1.274s] INFO:colcon.colcon_core.plugin_system:Skipping extension 'colcon_notification.desktop_notification.terminal_notifier': Not used on non-Darwin systems
[1.274s] INFO:colcon.colcon_core.plugin_system:Skipping extension 'colcon_notification.desktop_notification.win32': Not used on non-Windows systems
[1.274s] INFO:colcon.colcon_notification.desktop_notification:Sending desktop notification using 'notify2'
[1.290s] DEBUG:colcon.colcon_core.event_reactor:joined thread
[1.290s] INFO:colcon.colcon_core.shell:Creating prefix script '/home/santos/dev_ws/src/salvos_control/install/local_setup.ps1'
[1.292s] INFO:colcon.colcon_core.shell:Creating prefix util module '/home/santos/dev_ws/src/salvos_control/install/_local_setup_util_ps1.py'
[1.293s] INFO:colcon.colcon_core.shell:Creating prefix chain script '/home/santos/dev_ws/src/salvos_control/install/setup.ps1'
[1.295s] INFO:colcon.colcon_core.shell:Creating prefix script '/home/santos/dev_ws/src/salvos_control/install/local_setup.sh'
[1.295s] INFO:colcon.colcon_core.shell:Creating prefix util module '/home/santos/dev_ws/src/salvos_control/install/_local_setup_util_sh.py'
[1.296s] INFO:colcon.colcon_core.shell:Creating prefix chain script '/home/santos/dev_ws/src/salvos_control/install/setup.sh'
[1.297s] INFO:colcon.colcon_core.shell:Creating prefix script '/home/santos/dev_ws/src/salvos_control/install/local_setup.bash'
[1.297s] INFO:colcon.colcon_core.shell:Creating prefix chain script '/home/santos/dev_ws/src/salvos_control/install/setup.bash'
[1.298s] INFO:colcon.colcon_core.shell:Creating prefix script '/home/santos/dev_ws/src/salvos_control/install/local_setup.zsh'
[1.299s] INFO:colcon.colcon_core.shell:Creating prefix chain script '/home/santos/dev_ws/src/salvos_control/install/setup.zsh'
