running egg_info
creating build/salvos_control/salvos_control.egg-info
writing build/salvos_control/salvos_control.egg-info/PKG-INFO
writing dependency_links to build/salvos_control/salvos_control.egg-info/dependency_links.txt
writing requirements to build/salvos_control/salvos_control.egg-info/requires.txt
writing top-level names to build/salvos_control/salvos_control.egg-info/top_level.txt
writing manifest file 'build/salvos_control/salvos_control.egg-info/SOURCES.txt'
reading manifest file 'build/salvos_control/salvos_control.egg-info/SOURCES.txt'
adding license file 'LICENSE'
writing manifest file 'build/salvos_control/salvos_control.egg-info/SOURCES.txt'
running build
running build_py
creating /home/santos/dev_ws/src/salvos_control/build/salvos_control/build
creating /home/santos/dev_ws/src/salvos_control/build/salvos_control/build/lib
creating /home/santos/dev_ws/src/salvos_control/build/salvos_control/build/lib/salvos_control
copying salvos_control/__init__.py -> /home/santos/dev_ws/src/salvos_control/build/salvos_control/build/lib/salvos_control
running install
running install_lib
creating /home/santos/dev_ws/src/salvos_control/install/salvos_control/lib/python3.12/site-packages/salvos_control
copying /home/santos/dev_ws/src/salvos_control/build/salvos_control/build/lib/salvos_control/__init__.py -> /home/santos/dev_ws/src/salvos_control/install/salvos_control/lib/python3.12/site-packages/salvos_control
byte-compiling /home/santos/dev_ws/src/salvos_control/install/salvos_control/lib/python3.12/site-packages/salvos_control/__init__.py to __init__.cpython-312.pyc
running install_data
creating /home/santos/dev_ws/src/salvos_control/install/salvos_control/share/ament_index
creating /home/santos/dev_ws/src/salvos_control/install/salvos_control/share/ament_index/resource_index
creating /home/santos/dev_ws/src/salvos_control/install/salvos_control/share/ament_index/resource_index/packages
copying resource/salvos_control -> /home/santos/dev_ws/src/salvos_control/install/salvos_control/share/ament_index/resource_index/packages
copying package.xml -> /home/santos/dev_ws/src/salvos_control/install/salvos_control/share/salvos_control
running install_egg_info
Copying build/salvos_control/salvos_control.egg-info to /home/santos/dev_ws/src/salvos_control/install/salvos_control/lib/python3.12/site-packages/salvos_control-0.0.0-py3.12.egg-info
running install_scripts
writing list of installed files to '/home/santos/dev_ws/src/salvos_control/build/salvos_control/install.log'
